<?xml version="1.0" encoding="UTF-8"?>
<!-- Generated by org.testng.reporters.JUnitReportReporter -->
<testsuite hostname="DESKTOP-CFRUI98" failures="0" tests="2" name="TestnGG.invokemethod2" time="0.018" errors="0" timestamp="2023-08-25T15:28:14 IST" skipped="0">
  <testcase classname="TestnGG.invokemethod2" name="Listener2" time="0.002"/>
  <testcase classname="TestnGG.invokemethod2" name="Listener1" time="0.016"/>
</testsuite> <!-- TestnGG.invokemethod2 -->
